SF:lib/domain/usecases/get_top_rated_movies.dart
DA:9,1
DA:11,1
DA:12,2
LF:3
LH:3
end_of_record
SF:lib/domain/usecases/get_movie_detail.dart
DA:9,1
DA:11,1
DA:12,2
LF:3
LH:3
end_of_record
SF:lib/domain/usecases/get_movie_recommendations.dart
DA:9,1
DA:11,1
DA:12,2
LF:3
LH:3
end_of_record
SF:lib/domain/usecases/get_now_playing_movies.dart
DA:9,1
DA:11,1
DA:12,2
LF:3
LH:3
end_of_record
SF:lib/domain/usecases/get_popular_movies.dart
DA:9,1
DA:11,1
DA:12,2
LF:3
LH:3
end_of_record
SF:lib/presentation/pages/movie_detail_page.dart
DA:23,1
DA:25,1
DA:26,1
DA:30,1
DA:32,1
DA:33,2
DA:34,6
DA:36,1
DA:37,1
DA:38,4
DA:40,1
DA:41,1
DA:42,4
DA:46,1
DA:48,1
DA:49,1
DA:50,1
DA:51,1
DA:58,1
DA:59,1
DA:60,1
DA:61,1
DA:63,1
DA:64,1
DA:65,2
DA:68,0
DA:79,1
DA:81,1
DA:83,3
DA:85,1
DA:86,1
DA:87,1
DA:88,3
DA:90,1
DA:93,0
DA:95,1
DA:97,1
DA:98,1
DA:99,1
DA:109,1
DA:110,1
DA:111,1
DA:113,1
DA:115,1
DA:117,1
DA:118,1
DA:119,2
DA:120,1
DA:122,1
DA:124,1
DA:125,1
DA:126,1
DA:127,1
DA:128,2
DA:129,1
DA:133,1
DA:135,1
DA:136,1
DA:137,1
DA:139,1
DA:141,1
DA:142,1
DA:144,3
DA:147,3
DA:149,1
DA:150,3
DA:152,1
DA:154,1
DA:155,1
DA:163,1
DA:164,0
DA:181,1
DA:182,3
DA:184,1
DA:185,3
DA:187,1
DA:188,1
DA:189,1
DA:190,3
DA:192,1
DA:198,4
DA:202,1
DA:204,1
DA:206,1
DA:207,2
DA:210,1
DA:212,1
DA:214,1
DA:216,1
DA:217,1
DA:223,1
DA:224,1
DA:226,1
DA:229,1
DA:230,2
DA:231,1
DA:233,1
DA:234,0
DA:235,0
DA:238,0
DA:241,1
DA:246,1
DA:248,2
DA:249,1
DA:255,0
DA:262,2
DA:265,1
DA:266,2
DA:267,1
DA:268,2
DA:270,0
DA:278,1
DA:280,1
DA:295,1
DA:297,1
DA:300,1
DA:302,0
DA:303,0
DA:312,1
DA:314,2
DA:315,3
DA:318,1
DA:322,3
DA:325,1
DA:326,1
DA:327,1
DA:329,1
DA:330,1
DA:332,0
LF:129
LH:118
end_of_record
SF:lib/presentation/pages/popular_movies_page.dart
DA:13,1
DA:15,1
DA:16,1
DA:20,1
DA:22,1
DA:23,2
DA:24,4
DA:28,1
DA:30,1
DA:31,1
DA:34,1
DA:36,1
DA:37,1
DA:38,1
DA:42,1
DA:43,1
DA:44,1
DA:45,2
DA:46,1
DA:48,2
DA:50,1
DA:51,1
DA:52,2
DA:55,0
LF:24
LH:23
end_of_record
SF:lib/presentation/pages/top_rated_movies_page.dart
DA:13,1
DA:15,1
DA:16,1
DA:20,1
DA:22,1
DA:23,2
DA:24,4
DA:28,1
DA:30,1
DA:31,1
DA:34,1
DA:36,1
DA:37,1
DA:38,1
DA:42,1
DA:43,1
DA:44,1
DA:45,2
DA:46,1
DA:48,2
DA:50,1
DA:51,1
DA:52,2
DA:55,0
LF:24
LH:23
end_of_record
SF:lib/presentation/bloc/detail/movie_detail_bloc.dart
DA:10,3
DA:11,2
DA:12,2
DA:13,3
DA:14,1
DA:15,1
DA:16,3
DA:18,1
DA:19,2
LF:9
LH:9
end_of_record
SF:lib/presentation/bloc/detail/movie_detail_event.dart
DA:6,3
DA:8,1
DA:9,2
LF:3
LH:3
end_of_record
SF:lib/presentation/bloc/detail/movie_detail_state.dart
DA:5,4
DA:7,1
DA:8,1
DA:18,3
DA:20,1
DA:21,2
DA:27,3
DA:29,1
DA:30,2
LF:9
LH:9
end_of_record
SF:lib/presentation/bloc/now_playing/movie_now_playing_bloc.dart
DA:11,1
DA:12,1
DA:13,2
DA:14,2
DA:15,2
DA:16,1
DA:17,1
DA:18,3
DA:20,1
DA:21,1
DA:22,1
DA:24,2
LF:12
LH:12
end_of_record
SF:lib/presentation/bloc/now_playing/movie_now_playing_event.dart
DA:4,1
DA:5,1
LF:2
LH:2
end_of_record
SF:lib/presentation/bloc/now_playing/movie_now_playing_state.dart
DA:5,25
DA:7,1
DA:8,1
DA:14,24
DA:16,2
DA:17,4
DA:25,1
DA:27,1
DA:28,2
DA:34,2
DA:36,1
DA:37,2
LF:12
LH:12
end_of_record
SF:lib/presentation/bloc/popular/movie_popular_bloc.dart
DA:11,1
DA:12,1
DA:13,2
DA:14,2
DA:15,2
DA:16,1
DA:17,1
DA:18,3
DA:20,1
DA:21,1
DA:22,1
DA:24,2
LF:12
LH:12
end_of_record
SF:lib/presentation/bloc/popular/movie_popular_event.dart
DA:4,1
DA:5,1
LF:2
LH:2
end_of_record
SF:lib/presentation/bloc/popular/movie_popular_state.dart
DA:5,27
DA:7,1
DA:8,1
DA:14,24
DA:16,2
DA:17,4
DA:25,2
DA:27,1
DA:28,2
DA:34,3
DA:36,1
DA:37,2
LF:12
LH:12
end_of_record
SF:lib/presentation/bloc/recommendation/movie_recommendation_bloc.dart
DA:11,1
DA:12,1
DA:13,2
DA:14,2
DA:15,3
DA:16,1
DA:17,1
DA:18,3
DA:20,1
DA:21,1
DA:22,1
DA:24,2
LF:12
LH:12
end_of_record
SF:lib/presentation/bloc/recommendation/movie_recommendation_event.dart
DA:6,3
DA:8,1
DA:9,2
LF:3
LH:3
end_of_record
SF:lib/presentation/bloc/recommendation/movie_recommendation_state.dart
DA:5,27
DA:7,1
DA:8,1
DA:14,25
DA:16,2
DA:17,4
DA:25,2
DA:27,1
DA:28,2
DA:34,3
DA:36,1
DA:37,2
LF:12
LH:12
end_of_record
SF:lib/presentation/bloc/top_rated/movie_top_rated_bloc.dart
DA:11,1
DA:12,1
DA:13,2
DA:14,2
DA:15,2
DA:16,1
DA:17,1
DA:18,3
DA:20,1
DA:21,1
DA:22,1
DA:24,2
LF:12
LH:12
end_of_record
SF:lib/presentation/bloc/top_rated/movie_top_rated_event.dart
DA:4,1
DA:5,1
LF:2
LH:2
end_of_record
SF:lib/presentation/bloc/top_rated/movie_top_rated_state.dart
DA:5,27
DA:7,1
DA:8,1
DA:14,24
DA:16,2
DA:17,4
DA:25,2
DA:27,1
DA:28,2
DA:34,3
DA:36,1
DA:37,2
LF:12
LH:12
end_of_record
SF:lib/presentation/widgets/movie_card_list.dart
DA:11,2
DA:13,2
DA:15,2
DA:17,2
DA:18,0
DA:19,0
DA:22,0
DA:25,2
DA:27,2
DA:28,2
DA:29,2
DA:35,2
DA:37,2
DA:38,2
DA:39,4
DA:42,2
DA:45,2
DA:46,4
DA:54,2
DA:59,2
DA:61,2
DA:62,6
DA:64,2
DA:67,0
LF:24
LH:20
end_of_record
