SF:lib/domain/usecases/search_tv_series.dart
DA:9,1
DA:11,1
DA:12,2
LF:3
LH:3
end_of_record
SF:lib/domain/usecases/search_movies.dart
DA:9,1
DA:11,1
DA:12,2
LF:3
LH:3
end_of_record
SF:lib/presentation/bloc/tv_series/search_tv_series_bloc.dart
DA:10,1
DA:11,1
DA:12,2
DA:13,1
DA:15,2
DA:16,2
DA:18,1
DA:19,1
DA:20,3
DA:22,1
DA:23,1
DA:24,1
DA:26,2
DA:30,1
LF:14
LH:14
end_of_record
SF:lib/presentation/bloc/tv_series/search_tv_series_event.dart
DA:8,3
DA:10,1
DA:11,2
DA:14,1
DA:15,3
LF:5
LH:5
end_of_record
SF:lib/presentation/bloc/tv_series/search_tv_series_state.dart
DA:5,10
DA:7,1
DA:8,1
DA:14,8
DA:16,1
DA:17,2
DA:25,3
DA:27,1
DA:28,2
DA:34,2
DA:36,1
DA:37,2
LF:12
LH:12
end_of_record
SF:lib/presentation/bloc/movie/search_movie_bloc.dart
DA:9,2
DA:10,2
DA:11,1
DA:13,2
DA:14,2
DA:16,1
DA:17,1
DA:18,3
DA:20,1
DA:21,1
DA:22,1
DA:24,2
DA:28,1
LF:13
LH:13
end_of_record
SF:lib/presentation/bloc/movie/search_movie_event.dart
DA:8,3
DA:10,1
DA:11,2
DA:14,1
DA:15,3
LF:5
LH:5
end_of_record
SF:lib/presentation/bloc/movie/search_movie_state.dart
DA:5,8
DA:7,1
DA:8,1
DA:14,6
DA:16,1
DA:17,2
DA:25,3
DA:27,1
DA:28,2
DA:34,2
DA:36,1
DA:37,2
LF:12
LH:12
end_of_record
SF:lib/presentation/pages/search_page.dart
DA:16,1
DA:18,1
DA:20,1
DA:21,1
DA:23,1
DA:24,1
DA:27,1
DA:29,1
DA:30,1
DA:31,1
DA:32,1
DA:33,3
DA:35,1
DA:36,2
DA:56,1
DA:57,1
DA:58,1
DA:59,1
DA:60,1
DA:61,1
DA:62,1
DA:63,1
DA:69,1
DA:70,1
DA:71,1
DA:72,1
DA:75,1
DA:76,1
DA:77,1
DA:79,1
DA:82,1
DA:83,1
DA:84,1
DA:85,1
DA:87,1
DA:90,1
DA:91,1
DA:92,1
DA:93,1
DA:95,1
DA:99,0
DA:105,1
DA:106,1
DA:107,1
DA:108,1
DA:109,1
DA:115,1
DA:116,1
DA:117,1
DA:118,1
DA:121,1
DA:122,1
DA:123,1
DA:125,1
DA:128,1
DA:129,1
DA:130,1
DA:131,1
DA:133,1
DA:136,1
DA:137,1
DA:138,1
DA:139,1
DA:141,1
DA:145,0
LF:65
LH:63
end_of_record
