SF:lib/domain/usecases/get_tv_series_detail.dart
DA:9,1
DA:11,1
DA:12,2
LF:3
LH:3
end_of_record
SF:lib/domain/usecases/get_tv_series_recommendations.dart
DA:9,1
DA:11,1
DA:12,2
LF:3
LH:3
end_of_record
SF:lib/domain/usecases/get_now_playing_tv_series.dart
DA:9,1
DA:11,1
DA:12,2
LF:3
LH:3
end_of_record
SF:lib/domain/usecases/get_tv_series_episodes.dart
DA:9,1
DA:11,1
DA:12,2
LF:3
LH:3
end_of_record
SF:lib/presentation/bloc/episode/tv_series_episode_bloc.dart
DA:10,1
DA:11,1
DA:12,2
DA:13,2
DA:14,4
DA:15,1
DA:16,1
DA:17,3
DA:19,1
DA:20,1
DA:21,1
DA:23,2
LF:12
LH:12
end_of_record
SF:lib/presentation/bloc/episode/tv_series_episode_event.dart
DA:7,4
DA:9,2
DA:10,6
LF:3
LH:3
end_of_record
SF:lib/presentation/bloc/episode/tv_series_episode_state.dart
DA:6,27
DA:8,1
DA:9,1
DA:15,25
DA:17,2
DA:18,4
DA:26,2
DA:28,1
DA:29,2
DA:35,3
DA:37,1
DA:38,2
LF:12
LH:12
end_of_record
SF:lib/domain/usecases/get_top_rated_tv_series.dart
DA:9,1
DA:11,1
DA:12,2
LF:3
LH:3
end_of_record
SF:lib/domain/usecases/get_popular_tv_series.dart
DA:9,1
DA:11,1
DA:12,2
LF:3
LH:3
end_of_record
SF:lib/presentation/bloc/top_rated/tv_series_top_rated_bloc.dart
DA:10,1
DA:11,1
DA:12,2
DA:13,2
DA:14,2
DA:15,1
DA:16,1
DA:17,3
DA:19,1
DA:20,1
DA:21,1
DA:23,2
LF:12
LH:12
end_of_record
SF:lib/presentation/bloc/top_rated/tv_series_top_rated_event.dart
DA:4,1
DA:5,1
LF:2
LH:2
end_of_record
SF:lib/presentation/bloc/top_rated/tv_series_top_rated_state.dart
DA:5,23
DA:7,1
DA:8,1
DA:14,20
DA:16,2
DA:17,4
DA:25,2
DA:27,1
DA:28,2
DA:34,3
DA:36,1
DA:37,2
LF:12
LH:12
end_of_record
SF:lib/presentation/pages/top_rated_tv_series_page.dart
DA:11,1
DA:13,1
DA:14,1
DA:18,1
DA:20,1
DA:21,2
DA:22,4
DA:26,1
DA:28,1
DA:29,1
DA:32,1
DA:34,1
DA:35,1
DA:36,1
DA:40,1
DA:41,1
DA:42,1
DA:43,2
DA:44,1
DA:46,2
DA:48,1
DA:49,1
DA:50,2
DA:53,1
LF:24
LH:24
end_of_record
SF:lib/presentation/widgets/tv_series_card_list.dart
DA:11,3
DA:13,3
DA:15,3
DA:17,3
DA:18,0
DA:19,0
DA:22,0
DA:25,3
DA:27,3
DA:28,3
DA:29,3
DA:35,3
DA:37,3
DA:38,3
DA:39,6
DA:42,3
DA:45,3
DA:46,6
DA:54,3
DA:59,3
DA:61,3
DA:62,9
DA:64,3
DA:67,0
LF:24
LH:20
end_of_record
SF:lib/presentation/bloc/detail/tv_series_detail_bloc.dart
DA:10,3
DA:11,2
DA:12,2
DA:13,3
DA:14,1
DA:15,1
DA:16,3
DA:18,1
DA:19,2
LF:9
LH:9
end_of_record
SF:lib/presentation/bloc/detail/tv_series_detail_event.dart
DA:6,3
DA:8,1
DA:9,2
LF:3
LH:3
end_of_record
SF:lib/presentation/bloc/detail/tv_series_detail_state.dart
DA:5,4
DA:7,1
DA:8,1
DA:18,3
DA:20,1
DA:21,2
DA:27,3
DA:29,1
DA:30,2
LF:9
LH:9
end_of_record
SF:lib/presentation/bloc/now_playing/tv_series_now_playing_bloc.dart
DA:10,1
DA:11,1
DA:12,2
DA:13,2
DA:14,2
DA:15,1
DA:16,1
DA:17,3
DA:19,1
DA:20,1
DA:21,1
DA:23,2
LF:12
LH:12
end_of_record
SF:lib/presentation/bloc/now_playing/tv_series_now_playing_event.dart
DA:4,1
DA:5,1
LF:2
LH:2
end_of_record
SF:lib/presentation/bloc/now_playing/tv_series_now_playing_state.dart
DA:5,23
DA:7,1
DA:8,1
DA:14,20
DA:16,2
DA:17,4
DA:25,2
DA:27,1
DA:28,2
DA:34,3
DA:36,1
DA:37,2
LF:12
LH:12
end_of_record
SF:lib/presentation/bloc/popular/tv_series_popular_bloc.dart
DA:10,1
DA:11,1
DA:12,2
DA:13,2
DA:14,2
DA:15,1
DA:16,1
DA:17,3
DA:19,1
DA:20,1
DA:21,1
DA:23,2
LF:12
LH:12
end_of_record
SF:lib/presentation/bloc/popular/tv_series_popular_event.dart
DA:4,1
DA:5,1
LF:2
LH:2
end_of_record
SF:lib/presentation/bloc/popular/tv_series_popular_state.dart
DA:5,23
DA:7,1
DA:8,1
DA:14,20
DA:16,2
DA:17,4
DA:25,2
DA:27,1
DA:28,2
DA:34,3
DA:36,1
DA:37,2
LF:12
LH:12
end_of_record
SF:lib/presentation/bloc/recommendation/tv_series_recommendation_bloc.dart
DA:10,1
DA:11,1
DA:12,2
DA:13,2
DA:14,3
DA:15,1
DA:16,1
DA:17,3
DA:19,1
DA:20,1
DA:21,1
DA:23,2
LF:12
LH:12
end_of_record
SF:lib/presentation/bloc/recommendation/tv_series_recommendation_event.dart
DA:6,3
DA:8,1
DA:9,2
LF:3
LH:3
end_of_record
SF:lib/presentation/bloc/recommendation/tv_series_recommendation_state.dart
DA:5,23
DA:7,1
DA:8,1
DA:14,21
DA:16,2
DA:17,4
DA:25,2
DA:27,1
DA:28,2
DA:34,3
DA:36,1
DA:37,2
LF:12
LH:12
end_of_record
SF:lib/presentation/pages/now_playing_tv_series_page.dart
DA:11,1
DA:13,1
DA:14,1
DA:18,1
DA:20,1
DA:21,2
DA:22,4
DA:26,1
DA:28,1
DA:29,1
DA:32,1
DA:34,1
DA:35,1
DA:36,1
DA:40,1
DA:41,1
DA:42,1
DA:43,2
DA:44,1
DA:46,2
DA:48,1
DA:49,1
DA:50,2
DA:53,1
LF:24
LH:24
end_of_record
SF:lib/presentation/pages/popular_tv_series_page.dart
DA:12,1
DA:14,1
DA:15,1
DA:19,1
DA:21,1
DA:22,2
DA:23,4
DA:27,1
DA:29,1
DA:30,1
DA:33,1
DA:35,1
DA:36,1
DA:37,1
DA:41,1
DA:42,1
DA:43,1
DA:44,2
DA:45,1
DA:47,2
DA:49,1
DA:50,1
DA:51,2
DA:54,1
LF:24
LH:24
end_of_record
SF:lib/presentation/pages/tv_series_detail_page.dart
DA:24,1
DA:26,1
DA:27,1
DA:31,1
DA:33,1
DA:34,2
DA:35,6
DA:36,1
DA:37,1
DA:38,4
DA:39,1
DA:40,1
DA:41,4
DA:42,1
DA:43,1
DA:44,4
DA:48,1
DA:50,1
DA:51,1
DA:52,1
DA:53,1
DA:60,1
DA:61,1
DA:62,1
DA:63,1
DA:65,1
DA:66,1
DA:68,2
DA:71,0
DA:82,1
DA:84,1
DA:86,3
DA:87,1
DA:89,1
DA:90,1
DA:91,1
DA:93,3
DA:95,1
DA:98,0
DA:100,1
DA:102,1
DA:103,1
DA:104,1
DA:114,1
DA:115,1
DA:116,1
DA:118,1
DA:120,1
DA:122,1
DA:123,1
DA:124,2
DA:125,1
DA:127,1
DA:129,1
DA:130,1
DA:131,1
DA:132,1
DA:133,2
DA:134,1
DA:138,1
DA:140,1
DA:141,1
DA:142,1
DA:144,1
DA:146,1
DA:147,1
DA:149,3
DA:152,3
DA:154,1
DA:155,3
DA:157,1
DA:159,1
DA:160,1
DA:168,1
DA:169,0
DA:186,1
DA:187,3
DA:189,1
DA:190,1
DA:191,1
DA:192,3
DA:194,1
DA:200,4
DA:204,1
DA:206,1
DA:208,1
DA:209,2
DA:212,1
DA:214,1
DA:216,1
DA:218,1
DA:221,1
DA:222,3
DA:223,1
DA:225,1
DA:227,1
DA:228,5
DA:230,1
DA:234,1
DA:236,2
DA:237,1
DA:241,0
DA:242,0
DA:244,0
DA:248,0
DA:250,0
DA:258,3
DA:261,1
DA:262,1
DA:263,1
DA:267,1
DA:268,2
DA:269,1
DA:271,1
DA:274,1
DA:276,2
DA:277,1
DA:279,1
DA:280,1
DA:281,1
DA:286,1
DA:288,2
DA:290,1
DA:295,0
DA:300,1
DA:304,1
DA:310,1
DA:311,2
DA:312,1
DA:313,1
DA:317,1
DA:318,1
DA:330,2
DA:338,1
DA:339,2
DA:340,1
DA:341,2
DA:343,0
DA:348,1
DA:350,1
DA:352,1
DA:354,1
DA:355,1
DA:362,1
DA:363,1
DA:365,1
DA:368,1
DA:369,2
DA:370,1
DA:372,1
DA:373,0
DA:374,0
DA:377,0
DA:380,1
DA:385,1
DA:387,2
DA:388,1
DA:394,0
DA:401,2
DA:404,1
DA:405,1
DA:408,1
DA:409,1
DA:410,1
DA:413,1
DA:415,0
DA:423,1
DA:425,1
DA:440,1
DA:442,1
DA:445,1
DA:447,0
DA:448,0
DA:457,1
DA:459,2
DA:460,3
DA:463,1
DA:467,3
LF:178
LH:161
end_of_record
