SF:lib/domain/usecases/remove_watchlist_tv_series.dart
DA:9,1
DA:11,1
DA:12,2
LF:3
LH:3
end_of_record
SF:lib/domain/usecases/save_watchlist_tv_series.dart
DA:9,1
DA:11,1
DA:12,2
LF:3
LH:3
end_of_record
SF:lib/domain/usecases/save_watchlist.dart
DA:9,1
DA:11,1
DA:12,2
LF:3
LH:3
end_of_record
SF:lib/domain/usecases/get_watchlist_status_tv_series.dart
DA:6,1
DA:8,1
DA:9,2
LF:3
LH:3
end_of_record
SF:lib/domain/usecases/get_watchlist_tv_series.dart
DA:9,1
DA:11,1
DA:12,2
LF:3
LH:3
end_of_record
SF:lib/domain/usecases/get_watchlist_movies.dart
DA:9,1
DA:11,1
DA:12,2
LF:3
LH:3
end_of_record
SF:lib/domain/usecases/remove_watchlist.dart
DA:9,1
DA:11,1
DA:12,2
LF:3
LH:3
end_of_record
SF:lib/domain/usecases/get_watchlist_status.dart
DA:6,1
DA:8,1
DA:9,2
LF:3
LH:3
end_of_record
SF:lib/presentation/bloc/tv_series/watchlist_tv_series_bloc.dart
DA:16,1
DA:21,1
DA:22,2
DA:23,2
DA:24,2
DA:26,1
DA:27,1
DA:28,3
DA:30,1
DA:31,1
DA:32,1
DA:34,2
DA:40,2
DA:41,2
DA:42,3
DA:43,2
DA:46,2
DA:47,2
DA:48,3
DA:50,1
DA:51,4
DA:52,1
DA:53,2
DA:58,2
DA:59,2
DA:62,3
DA:63,1
DA:64,4
DA:65,3
LF:29
LH:29
end_of_record
SF:lib/presentation/bloc/tv_series/watchlist_tv_series_event.dart
DA:5,4
DA:7,0
DA:8,0
DA:16,2
DA:18,1
DA:19,2
DA:25,2
DA:27,1
DA:28,2
DA:34,2
DA:36,1
DA:37,2
LF:12
LH:10
end_of_record
SF:lib/presentation/bloc/tv_series/watchlist_tv_series_state.dart
DA:5,9
DA:7,1
DA:8,1
DA:14,7
DA:16,1
DA:17,2
DA:25,2
DA:27,1
DA:28,2
DA:34,2
DA:36,1
DA:37,2
DA:43,3
DA:45,1
DA:46,2
DA:52,2
DA:54,1
DA:55,2
LF:18
LH:18
end_of_record
SF:lib/presentation/bloc/movie/watchlist_movie_event.dart
DA:5,4
DA:7,0
DA:8,0
DA:16,2
DA:18,1
DA:19,2
DA:25,2
DA:27,1
DA:28,2
DA:34,2
DA:36,1
DA:37,2
LF:12
LH:10
end_of_record
SF:lib/presentation/bloc/movie/watchlist_movie_bloc.dart
DA:16,1
DA:18,1
DA:19,2
DA:20,2
DA:21,2
DA:23,1
DA:24,1
DA:25,3
DA:27,1
DA:28,1
DA:29,1
DA:31,2
DA:37,2
DA:38,2
DA:39,3
DA:40,2
DA:43,2
DA:44,2
DA:45,3
DA:47,1
DA:48,4
DA:49,1
DA:50,2
DA:55,2
DA:56,2
DA:58,3
DA:59,1
DA:60,4
DA:61,3
LF:29
LH:29
end_of_record
SF:lib/presentation/bloc/movie/watchlist_movie_state.dart
DA:5,7
DA:7,1
DA:8,1
DA:14,5
DA:16,1
DA:17,2
DA:25,2
DA:27,1
DA:28,2
DA:34,2
DA:36,1
DA:37,2
DA:43,3
DA:45,1
DA:46,2
DA:52,2
DA:54,1
DA:55,2
LF:18
LH:18
end_of_record
SF:lib/presentation/pages/watchlist_page.dart
DA:17,1
DA:19,1
DA:20,1
DA:25,1
DA:27,1
DA:29,2
DA:30,4
DA:31,4
DA:35,1
DA:37,1
DA:38,4
DA:41,0
DA:43,0
DA:44,0
DA:47,1
DA:49,1
DA:51,2
DA:52,1
DA:53,1
DA:66,1
DA:68,1
DA:69,1
DA:70,1
DA:71,1
DA:72,1
DA:79,1
DA:80,1
DA:82,1
DA:83,2
DA:84,1
DA:86,2
DA:88,1
DA:89,1
DA:90,2
DA:92,1
DA:93,1
DA:94,2
DA:97,1
DA:103,1
DA:104,1
DA:105,1
DA:112,1
DA:113,1
DA:115,1
DA:116,2
DA:117,1
DA:119,2
DA:121,1
DA:122,1
DA:123,2
DA:125,1
DA:126,1
DA:127,2
DA:130,1
DA:143,1
DA:145,2
DA:146,1
LF:57
LH:54
end_of_record
